2023-08-23 14:18:57.951 INFO  com.herokuapp.test.UserTest_for_Add_Update_GetBooking - "***************creating token ******************"
2023-08-23 14:19:00.747 INFO  com.herokuapp.test.UserTest_for_Add_Update_GetBooking - "***************Token created******************"
2023-08-23 14:19:00.747 INFO  com.herokuapp.test.UserTest_for_Add_Update_GetBooking - "***************performing deserialization on created token******************"
2023-08-23 14:19:00.805 INFO  com.herokuapp.test.UserTest_for_Add_Update_GetBooking - "***************deserialization performed ******************"
2023-08-23 14:19:00.822 INFO  com.herokuapp.test.UserTest_for_Add_Update_GetBooking - "*************** creating booking ******************"
2023-08-23 14:19:02.397 INFO  com.herokuapp.test.UserTest_for_Add_Update_GetBooking - "***************Booking Created ******************"
2023-08-23 14:19:02.398 INFO  com.herokuapp.test.UserTest_for_Add_Update_GetBooking - "***************performing deserialization ******************"
2023-08-23 14:19:02.422 INFO  com.herokuapp.test.UserTest_for_Add_Update_GetBooking - "***************deserialization performed******************"
2023-08-23 14:19:02.445 INFO  com.herokuapp.test.UserTest_for_Add_Update_GetBooking - ********************update created booking***********************
2023-08-23 14:19:03.643 INFO  com.herokuapp.test.UserTest_for_Add_Update_GetBooking - ********************created booking has updated***********************
2023-08-23 14:19:03.643 INFO  com.herokuapp.test.UserTest_for_Add_Update_GetBooking - "***************perform deserialization on upadte booking******************"
2023-08-23 14:19:03.654 INFO  com.herokuapp.test.UserTest_for_Add_Update_GetBooking - "***************deserialization performed on update booking******************"
2023-08-23 14:19:03.657 INFO  com.herokuapp.test.UserTest_for_Add_Update_GetBooking - "***************getBooking deatils from updated created booking******************"
2023-08-23 14:19:04.824 INFO  com.herokuapp.test.UserTest_for_Add_Update_GetBooking - "***************above we getBooking deatails from updated created booking******************"
2023-08-23 14:19:04.825 INFO  com.herokuapp.test.UserTest_for_Add_Update_GetBooking - "***************perform deserialization on getBooking******************"
2023-08-23 14:19:04.827 INFO  com.herokuapp.test.UserTest_for_Add_Update_GetBooking - "***************deserialization performed on getBooking and above is the details******************"
2023-08-23 14:19:04.856 INFO  com.herokuapp.test.UserTest_for_Add_PartialUpdate_DeleteBooking - "***************creating Token******************"
2023-08-23 14:19:06.150 INFO  com.herokuapp.test.UserTest_for_Add_PartialUpdate_DeleteBooking - "***************Token created******************"
2023-08-23 14:19:06.151 INFO  com.herokuapp.test.UserTest_for_Add_PartialUpdate_DeleteBooking - "***************deserialize created token******************"
2023-08-23 14:19:06.152 INFO  com.herokuapp.test.UserTest_for_Add_PartialUpdate_DeleteBooking - "***************deserialization performed on created token*****************"
2023-08-23 14:19:06.154 INFO  com.herokuapp.test.UserTest_for_Add_PartialUpdate_DeleteBooking - ********************creating booking***********************
2023-08-23 14:19:07.402 INFO  com.herokuapp.test.UserTest_for_Add_PartialUpdate_DeleteBooking - ********************booking is created***********************
2023-08-23 14:19:07.403 INFO  com.herokuapp.test.UserTest_for_Add_PartialUpdate_DeleteBooking - ********perform deserialization on created booking**********
2023-08-23 14:19:07.406 INFO  com.herokuapp.test.UserTest_for_Add_PartialUpdate_DeleteBooking - **deserialization performed on created booking above is the details*******
2023-08-23 14:19:07.409 INFO  com.herokuapp.test.UserTest_for_Add_PartialUpdate_DeleteBooking - *******perfrom partial update on created booking*******
2023-08-23 14:19:08.641 INFO  com.herokuapp.test.UserTest_for_Add_PartialUpdate_DeleteBooking - *******partial update has performed on created booking*******
2023-08-23 14:19:08.643 INFO  com.herokuapp.test.UserTest_for_Add_PartialUpdate_DeleteBooking - ****perform deserialization on partial update created booking******************
2023-08-23 14:19:08.646 INFO  com.herokuapp.test.UserTest_for_Add_PartialUpdate_DeleteBooking - ****deserialization performed on partial update created booking******************
2023-08-23 14:19:08.649 INFO  com.herokuapp.test.UserTest_for_Add_PartialUpdate_DeleteBooking - ****performing deletion on created booking******************
2023-08-23 14:19:09.816 INFO  com.herokuapp.test.UserTest_for_Add_PartialUpdate_DeleteBooking - ****deletion is performed on created booking******************
2023-08-23 14:27:22.243 INFO  com.herokuapp.test.UserTest_for_Add_PartialUpdate_DeleteBooking - ********************creating booking***********************
2023-08-23 14:27:25.761 INFO  com.herokuapp.test.UserTest_for_Add_PartialUpdate_DeleteBooking - ********************booking is created***********************
2023-08-23 14:27:25.762 INFO  com.herokuapp.test.UserTest_for_Add_PartialUpdate_DeleteBooking - ********perform deserialization on created booking**********
2023-08-23 14:27:25.866 INFO  com.herokuapp.test.UserTest_for_Add_PartialUpdate_DeleteBooking - **deserialization performed on created booking above is the details*******
2023-08-23 14:31:10.781 INFO  com.herokuapp.test.UserTest_for_Add_PartialUpdate_DeleteBooking - "***************creating Token******************"
2023-08-23 14:31:13.596 INFO  com.herokuapp.test.UserTest_for_Add_PartialUpdate_DeleteBooking - "***************Token created******************"
2023-08-23 14:31:13.596 INFO  com.herokuapp.test.UserTest_for_Add_PartialUpdate_DeleteBooking - "***************deserialize created token******************"
2023-08-23 14:31:13.623 INFO  com.herokuapp.test.UserTest_for_Add_PartialUpdate_DeleteBooking - "***************deserialization performed on created token*****************"
2023-08-23 14:31:13.628 INFO  com.herokuapp.test.UserTest_for_Add_PartialUpdate_DeleteBooking - ********************creating booking***********************
2023-08-23 14:31:15.273 INFO  com.herokuapp.test.UserTest_for_Add_PartialUpdate_DeleteBooking - ********************booking is created***********************
2023-08-23 14:31:15.274 INFO  com.herokuapp.test.UserTest_for_Add_PartialUpdate_DeleteBooking - ********perform deserialization on created booking**********
2023-08-23 14:31:15.287 INFO  com.herokuapp.test.UserTest_for_Add_PartialUpdate_DeleteBooking - **deserialization performed on created booking above is the details*******
2023-08-23 14:31:15.291 INFO  com.herokuapp.test.UserTest_for_Add_PartialUpdate_DeleteBooking - *******perfrom partial update on created booking*******
2023-08-23 14:31:16.501 INFO  com.herokuapp.test.UserTest_for_Add_PartialUpdate_DeleteBooking - *******partial update has performed on created booking*******
2023-08-23 14:31:16.503 INFO  com.herokuapp.test.UserTest_for_Add_PartialUpdate_DeleteBooking - ****perform deserialization on partial update created booking******************
2023-08-23 14:31:16.505 INFO  com.herokuapp.test.UserTest_for_Add_PartialUpdate_DeleteBooking - ****deserialization performed on partial update created booking******************
2023-08-23 14:31:16.507 INFO  com.herokuapp.test.UserTest_for_Add_PartialUpdate_DeleteBooking - ****performing deletion on created booking******************
2023-08-23 14:31:17.666 INFO  com.herokuapp.test.UserTest_for_Add_PartialUpdate_DeleteBooking - ****deletion is performed on created booking******************
2023-08-23 15:02:52.689 INFO  com.herokuapp.test.UserTest_for_Add_Update_GetBooking - "***************creating token ******************"
2023-08-23 15:02:55.606 INFO  com.herokuapp.test.UserTest_for_Add_Update_GetBooking - "***************Token created******************"
2023-08-23 15:02:55.606 INFO  com.herokuapp.test.UserTest_for_Add_Update_GetBooking - "***************performing deserialization on created token******************"
2023-08-23 15:02:55.637 INFO  com.herokuapp.test.UserTest_for_Add_Update_GetBooking - "***************deserialization performed ******************"
2023-08-23 15:02:55.649 INFO  com.herokuapp.test.UserTest_for_Add_Update_GetBooking - "*************** creating booking ******************"
2023-08-23 15:02:57.313 INFO  com.herokuapp.test.UserTest_for_Add_Update_GetBooking - "***************Booking Created ******************"
2023-08-23 15:02:57.313 INFO  com.herokuapp.test.UserTest_for_Add_Update_GetBooking - "***************performing deserialization ******************"
2023-08-23 15:02:57.322 INFO  com.herokuapp.test.UserTest_for_Add_Update_GetBooking - "***************deserialization performed******************"
2023-08-23 15:02:57.325 INFO  com.herokuapp.test.UserTest_for_Add_Update_GetBooking - ********************update created booking***********************
2023-08-23 15:02:58.531 INFO  com.herokuapp.test.UserTest_for_Add_Update_GetBooking - ********************created booking has updated***********************
2023-08-23 15:02:58.532 INFO  com.herokuapp.test.UserTest_for_Add_Update_GetBooking - "***************perform deserialization on upadte booking******************"
2023-08-23 15:02:58.535 INFO  com.herokuapp.test.UserTest_for_Add_Update_GetBooking - "***************deserialization performed on update booking******************"
2023-08-23 15:02:58.537 INFO  com.herokuapp.test.UserTest_for_Add_Update_GetBooking - "***************getBooking deatils from updated created booking******************"
2023-08-23 15:02:59.725 INFO  com.herokuapp.test.UserTest_for_Add_Update_GetBooking - "***************above we getBooking deatails from updated created booking******************"
2023-08-23 15:02:59.726 INFO  com.herokuapp.test.UserTest_for_Add_Update_GetBooking - "***************perform deserialization on getBooking******************"
2023-08-23 15:02:59.728 INFO  com.herokuapp.test.UserTest_for_Add_Update_GetBooking - "***************deserialization performed on getBooking and above is the details******************"
2023-08-23 15:02:59.769 INFO  com.herokuapp.test.UserTest_for_Add_PartialUpdate_DeleteBooking - "***************creating Token******************"
2023-08-23 15:03:00.988 INFO  com.herokuapp.test.UserTest_for_Add_PartialUpdate_DeleteBooking - "***************Token created******************"
2023-08-23 15:03:00.988 INFO  com.herokuapp.test.UserTest_for_Add_PartialUpdate_DeleteBooking - "***************deserialize created token******************"
2023-08-23 15:03:00.990 INFO  com.herokuapp.test.UserTest_for_Add_PartialUpdate_DeleteBooking - "***************deserialization performed on created token*****************"
2023-08-23 15:03:00.994 INFO  com.herokuapp.test.UserTest_for_Add_PartialUpdate_DeleteBooking - ********************creating booking***********************
2023-08-23 15:03:02.240 INFO  com.herokuapp.test.UserTest_for_Add_PartialUpdate_DeleteBooking - ********************booking is created***********************
2023-08-23 15:03:02.241 INFO  com.herokuapp.test.UserTest_for_Add_PartialUpdate_DeleteBooking - ********perform deserialization on created booking**********
2023-08-23 15:03:02.244 INFO  com.herokuapp.test.UserTest_for_Add_PartialUpdate_DeleteBooking - **deserialization performed on created booking above is the details*******
2023-08-23 15:03:02.247 INFO  com.herokuapp.test.UserTest_for_Add_PartialUpdate_DeleteBooking - *******perfrom partial update on created booking*******
2023-08-23 15:03:03.416 INFO  com.herokuapp.test.UserTest_for_Add_PartialUpdate_DeleteBooking - *******partial update has performed on created booking*******
2023-08-23 15:03:03.417 INFO  com.herokuapp.test.UserTest_for_Add_PartialUpdate_DeleteBooking - ****perform deserialization on partial update created booking******************
2023-08-23 15:03:03.420 INFO  com.herokuapp.test.UserTest_for_Add_PartialUpdate_DeleteBooking - ****deserialization performed on partial update created booking******************
2023-08-23 15:03:03.424 INFO  com.herokuapp.test.UserTest_for_Add_PartialUpdate_DeleteBooking - ****performing deletion on created booking******************
2023-08-23 15:03:04.617 INFO  com.herokuapp.test.UserTest_for_Add_PartialUpdate_DeleteBooking - ****deletion is performed on created booking******************
